android/app/build/intermediates/manifest_merge_blame_file/release/manifest-merger-blame-release-report.txt
1<?xml version="1.0" encoding="utf-8"?>
2<manifest xmlns:android="http://schemas.android.com/apk/res/android"
3    package="com.mtechubgearone"
4    android:versionCode="2"
5    android:versionName="2.0" >
6
7    <uses-sdk
8        android:minSdkVersion="21"
8-->src/main/AndroidManifest.xml
9        android:targetSdkVersion="33" />
9-->src/main/AndroidManifest.xml
10
11    <uses-permission android:name="android.permission.INTERNET" />
11-->src/main/AndroidManifest.xml:3:1-63
11-->src/main/AndroidManifest.xml:3:18-60
12    <uses-permission android:name="android.permission.ACCESS_FINE_LOCATION" />
12-->src/main/AndroidManifest.xml:4:1-75
12-->src/main/AndroidManifest.xml:4:18-72
13    <uses-permission android:name="android.permission.WRITE_EXTERNAL_STORAGE" />
13-->src/main/AndroidManifest.xml:5:1-76
13-->src/main/AndroidManifest.xml:5:18-74
14    <uses-permission android:name="android.permission.READ_EXTERNAL_STORAGE" />
14-->src/main/AndroidManifest.xml:6:1-75
14-->src/main/AndroidManifest.xml:6:18-73
15    <uses-permission android:name="android.permission.CAMERA" />
15-->src/main/AndroidManifest.xml:7:1-60
15-->src/main/AndroidManifest.xml:7:18-58
16
17    <uses-feature
17-->src/main/AndroidManifest.xml:8:1-81
18        android:name="android.hardware.camera"
18-->src/main/AndroidManifest.xml:8:15-53
19        android:required="false" />
19-->src/main/AndroidManifest.xml:8:54-78
20    <uses-feature
20-->src/main/AndroidManifest.xml:9:1-87
21        android:name="android.hardware.camera.front"
21-->src/main/AndroidManifest.xml:9:15-59
22        android:required="false" />
22-->src/main/AndroidManifest.xml:9:60-84
23
24    <uses-permission android:name="android.permission.ACCESS_NETWORK_STATE" />
24-->src/main/AndroidManifest.xml:10:1-75
24-->src/main/AndroidManifest.xml:10:18-72
25    <uses-permission android:name="android.permission.WAKE_LOCK" />
25-->[:react-native-firebase_auth] AndroidManifest.xml:10:5-68
25-->[:react-native-firebase_auth] AndroidManifest.xml:10:22-65
26
27    <queries>
27-->[:react-native-image-crop-picker] AndroidManifest.xml:9:5-13:15
28        <intent>
28-->[:react-native-image-crop-picker] AndroidManifest.xml:10:9-12:18
29            <action android:name="android.media.action.IMAGE_CAPTURE" />
29-->[:react-native-image-crop-picker] AndroidManifest.xml:11:13-73
29-->[:react-native-image-crop-picker] AndroidManifest.xml:11:21-70
30        </intent>
31    </queries>
32
33    <uses-permission android:name="android.permission.POST_NOTIFICATIONS" /> <!-- Required by older versions of Google Play services to create IID tokens -->
33-->[com.google.firebase:firebase-messaging:23.1.2] AndroidManifest.xml:25:5-77
33-->[com.google.firebase:firebase-messaging:23.1.2] AndroidManifest.xml:25:22-74
34    <uses-permission android:name="com.google.android.c2dm.permission.RECEIVE" />
34-->[com.google.firebase:firebase-messaging:23.1.2] AndroidManifest.xml:28:5-82
34-->[com.google.firebase:firebase-messaging:23.1.2] AndroidManifest.xml:28:22-79
35    <uses-permission android:name="com.google.android.gms.permission.AD_ID" />
35-->[com.google.android.gms:play-services-measurement-api:21.2.2] AndroidManifest.xml:25:5-79
35-->[com.google.android.gms:play-services-measurement-api:21.2.2] AndroidManifest.xml:25:22-76
36    <uses-permission android:name="com.google.android.finsky.permission.BIND_GET_INSTALL_REFERRER_SERVICE" />
36-->[com.google.android.gms:play-services-measurement:21.2.2] AndroidManifest.xml:26:5-110
36-->[com.google.android.gms:play-services-measurement:21.2.2] AndroidManifest.xml:26:22-107
37    <!--
38 <uses-permission android:name="android.permission.SEND_SMS" />
39<uses-permission android:name="android.permission.RECEIVE_SMS" />
40<uses-permission android:name="android.permission.READ_SMS" />
41    -->
42    <application
42-->src/main/AndroidManifest.xml:16:5-36:19
43        android:name="com.mtechubgearone.MainApplication"
43-->src/main/AndroidManifest.xml:17:7-38
44        android:allowBackup="false"
44-->src/main/AndroidManifest.xml:21:7-34
45        android:appComponentFactory="androidx.core.app.CoreComponentFactory"
45-->[androidx.core:core:1.7.0] AndroidManifest.xml:24:18-86
46        android:icon="@mipmap/ic_launcher"
46-->src/main/AndroidManifest.xml:19:7-41
47        android:label="@string/app_name"
47-->src/main/AndroidManifest.xml:18:7-39
48        android:roundIcon="@mipmap/ic_launcher_round"
48-->src/main/AndroidManifest.xml:20:7-52
49        android:theme="@style/AppTheme"
49-->src/main/AndroidManifest.xml:22:7-38
50        android:usesCleartextTraffic="true" >
50-->src/main/AndroidManifest.xml:23:7-42
51        <activity
51-->src/main/AndroidManifest.xml:24:7-35:18
52            android:name="com.mtechubgearone.MainActivity"
52-->src/main/AndroidManifest.xml:25:9-37
53            android:configChanges="keyboard|keyboardHidden|orientation|screenLayout|screenSize|smallestScreenSize|uiMode"
53-->src/main/AndroidManifest.xml:27:9-118
54            android:exported="true"
54-->src/main/AndroidManifest.xml:30:9-32
55            android:label="@string/app_name"
55-->src/main/AndroidManifest.xml:26:9-41
56            android:launchMode="singleTask"
56-->src/main/AndroidManifest.xml:28:9-40
57            android:windowSoftInputMode="adjustResize" >
57-->src/main/AndroidManifest.xml:29:9-51
58            <intent-filter>
58-->src/main/AndroidManifest.xml:31:9-34:25
59                <action android:name="android.intent.action.MAIN" />
59-->src/main/AndroidManifest.xml:32:13-65
59-->src/main/AndroidManifest.xml:32:21-62
60
61                <category android:name="android.intent.category.LAUNCHER" />
61-->src/main/AndroidManifest.xml:33:13-73
61-->src/main/AndroidManifest.xml:33:23-70
62            </intent-filter>
63        </activity>
64
65        <service
65-->[:react-native-firebase_messaging] AndroidManifest.xml:14:9-16:40
66            android:name="io.invertase.firebase.messaging.ReactNativeFirebaseMessagingHeadlessService"
66-->[:react-native-firebase_messaging] AndroidManifest.xml:15:13-103
67            android:exported="false" />
67-->[:react-native-firebase_messaging] AndroidManifest.xml:16:13-37
68        <service
68-->[:react-native-firebase_messaging] AndroidManifest.xml:17:9-23:19
69            android:name="io.invertase.firebase.messaging.ReactNativeFirebaseMessagingService"
69-->[:react-native-firebase_messaging] AndroidManifest.xml:18:13-95
70            android:exported="false" >
70-->[:react-native-firebase_messaging] AndroidManifest.xml:19:13-37
71            <intent-filter>
71-->[:react-native-firebase_messaging] AndroidManifest.xml:20:13-22:29
72                <action android:name="com.google.firebase.MESSAGING_EVENT" />
72-->[:react-native-firebase_messaging] AndroidManifest.xml:21:17-78
72-->[:react-native-firebase_messaging] AndroidManifest.xml:21:25-75
73            </intent-filter>
74        </service>
75
76        <receiver
76-->[:react-native-firebase_messaging] AndroidManifest.xml:25:9-32:20
77            android:name="io.invertase.firebase.messaging.ReactNativeFirebaseMessagingReceiver"
77-->[:react-native-firebase_messaging] AndroidManifest.xml:26:13-96
78            android:exported="true"
78-->[:react-native-firebase_messaging] AndroidManifest.xml:27:13-36
79            android:permission="com.google.android.c2dm.permission.SEND" >
79-->[:react-native-firebase_messaging] AndroidManifest.xml:28:13-73
80            <intent-filter>
80-->[:react-native-firebase_messaging] AndroidManifest.xml:29:13-31:29
81                <action android:name="com.google.android.c2dm.intent.RECEIVE" />
81-->[:react-native-firebase_messaging] AndroidManifest.xml:30:17-81
81-->[:react-native-firebase_messaging] AndroidManifest.xml:30:25-78
82            </intent-filter>
83        </receiver>
84
85        <meta-data
85-->[:react-native-firebase_messaging] AndroidManifest.xml:34:9-36:36
86            android:name="firebase_messaging_auto_init_enabled"
86-->[:react-native-firebase_messaging] AndroidManifest.xml:35:13-64
87            android:value="true" />
87-->[:react-native-firebase_messaging] AndroidManifest.xml:36:13-33
88        <meta-data
88-->[:react-native-firebase_messaging] AndroidManifest.xml:37:9-39:32
89            android:name="com.google.firebase.messaging.default_notification_channel_id"
89-->[:react-native-firebase_messaging] AndroidManifest.xml:38:13-89
90            android:value="" />
90-->[:react-native-firebase_messaging] AndroidManifest.xml:39:13-29
91        <meta-data
91-->[:react-native-firebase_messaging] AndroidManifest.xml:40:9-42:47
92            android:name="com.google.firebase.messaging.default_notification_color"
92-->[:react-native-firebase_messaging] AndroidManifest.xml:41:13-84
93            android:resource="@color/white" />
93-->[:react-native-firebase_messaging] AndroidManifest.xml:42:13-44
94        <meta-data
94-->[:react-native-firebase_app] AndroidManifest.xml:11:9-13:36
95            android:name="app_data_collection_default_enabled"
95-->[:react-native-firebase_app] AndroidManifest.xml:12:13-63
96            android:value="true" />
96-->[:react-native-firebase_app] AndroidManifest.xml:13:13-33
97
98        <service
98-->[:react-native-firebase_app] AndroidManifest.xml:15:9-23:19
99            android:name="com.google.firebase.components.ComponentDiscoveryService"
99-->[:react-native-firebase_app] AndroidManifest.xml:16:13-84
100            android:directBootAware="true"
100-->[:react-native-firebase_app] AndroidManifest.xml:17:13-43
101            android:exported="false" >
101-->[:react-native-firebase_app] AndroidManifest.xml:18:13-37
102            <meta-data
102-->[:react-native-firebase_app] AndroidManifest.xml:20:13-22:85
103                android:name="com.google.firebase.components:io.invertase.firebase.app.ReactNativeFirebaseAppRegistrar"
103-->[:react-native-firebase_app] AndroidManifest.xml:21:17-120
104                android:value="com.google.firebase.components.ComponentRegistrar" />
104-->[:react-native-firebase_app] AndroidManifest.xml:22:17-82
105            <meta-data
105-->[com.google.firebase:firebase-messaging:23.1.2] AndroidManifest.xml:55:13-57:85
106                android:name="com.google.firebase.components:com.google.firebase.messaging.FirebaseMessagingRegistrar"
106-->[com.google.firebase:firebase-messaging:23.1.2] AndroidManifest.xml:56:17-119
107                android:value="com.google.firebase.components.ComponentRegistrar" />
107-->[com.google.firebase:firebase-messaging:23.1.2] AndroidManifest.xml:57:17-82
108            <meta-data
108-->[com.google.firebase:firebase-datatransport:18.1.7] AndroidManifest.xml:27:13-29:85
109                android:name="com.google.firebase.components:com.google.firebase.datatransport.TransportRegistrar"
109-->[com.google.firebase:firebase-datatransport:18.1.7] AndroidManifest.xml:28:17-115
110                android:value="com.google.firebase.components.ComponentRegistrar" />
110-->[com.google.firebase:firebase-datatransport:18.1.7] AndroidManifest.xml:29:17-82
111            <meta-data
111-->[com.google.firebase:firebase-auth:22.0.0] AndroidManifest.xml:69:13-71:85
112                android:name="com.google.firebase.components:com.google.firebase.auth.FirebaseAuthRegistrar"
112-->[com.google.firebase:firebase-auth:22.0.0] AndroidManifest.xml:70:17-109
113                android:value="com.google.firebase.components.ComponentRegistrar" />
113-->[com.google.firebase:firebase-auth:22.0.0] AndroidManifest.xml:71:17-82
114            <meta-data
114-->[com.google.firebase:firebase-firestore:24.6.0] AndroidManifest.xml:19:13-21:85
115                android:name="com.google.firebase.components:com.google.firebase.firestore.FirestoreRegistrar"
115-->[com.google.firebase:firebase-firestore:24.6.0] AndroidManifest.xml:20:17-111
116                android:value="com.google.firebase.components.ComponentRegistrar" />
116-->[com.google.firebase:firebase-firestore:24.6.0] AndroidManifest.xml:21:17-82
117            <meta-data
117-->[com.google.android.gms:play-services-measurement-api:21.2.2] AndroidManifest.xml:31:13-33:85
118                android:name="com.google.firebase.components:com.google.firebase.analytics.connector.internal.AnalyticsConnectorRegistrar"
118-->[com.google.android.gms:play-services-measurement-api:21.2.2] AndroidManifest.xml:32:17-139
119                android:value="com.google.firebase.components.ComponentRegistrar" />
119-->[com.google.android.gms:play-services-measurement-api:21.2.2] AndroidManifest.xml:33:17-82
120            <meta-data
120-->[com.google.firebase:firebase-installations:17.1.3] AndroidManifest.xml:17:13-19:85
121                android:name="com.google.firebase.components:com.google.firebase.installations.FirebaseInstallationsRegistrar"
121-->[com.google.firebase:firebase-installations:17.1.3] AndroidManifest.xml:18:17-127
122                android:value="com.google.firebase.components.ComponentRegistrar" />
122-->[com.google.firebase:firebase-installations:17.1.3] AndroidManifest.xml:19:17-82
123        </service>
124
125        <provider
125-->[:react-native-firebase_app] AndroidManifest.xml:25:9-29:38
126            android:name="io.invertase.firebase.app.ReactNativeFirebaseAppInitProvider"
126-->[:react-native-firebase_app] AndroidManifest.xml:26:13-88
127            android:authorities="com.mtechubgearone.reactnativefirebaseappinitprovider"
127-->[:react-native-firebase_app] AndroidManifest.xml:27:13-86
128            android:exported="false"
128-->[:react-native-firebase_app] AndroidManifest.xml:28:13-37
129            android:initOrder="99" />
129-->[:react-native-firebase_app] AndroidManifest.xml:29:13-35
130        <provider
130-->[:react-native-image-crop-picker] AndroidManifest.xml:18:9-26:20
131            android:name="com.reactnative.ivpusic.imagepicker.IvpusicImagePickerFileProvider"
131-->[:react-native-image-crop-picker] AndroidManifest.xml:19:13-94
132            android:authorities="com.mtechubgearone.provider"
132-->[:react-native-image-crop-picker] AndroidManifest.xml:20:13-60
133            android:exported="false"
133-->[:react-native-image-crop-picker] AndroidManifest.xml:21:13-37
134            android:grantUriPermissions="true" >
134-->[:react-native-image-crop-picker] AndroidManifest.xml:22:13-47
135            <meta-data
135-->[:react-native-image-crop-picker] AndroidManifest.xml:23:13-25:78
136                android:name="android.support.FILE_PROVIDER_PATHS"
136-->[:react-native-image-crop-picker] AndroidManifest.xml:24:17-67
137                android:resource="@xml/ivpusic_imagepicker_provider_paths" />
137-->[:react-native-image-crop-picker] AndroidManifest.xml:25:17-75
138        </provider>
139
140        <activity
140-->[:react-native-image-crop-picker] AndroidManifest.xml:28:9-30:72
141            android:name="com.yalantis.ucrop.UCropActivity"
141-->[:react-native-image-crop-picker] AndroidManifest.xml:29:13-60
142            android:theme="@style/Theme.AppCompat.Light.NoActionBar" />
142-->[:react-native-image-crop-picker] AndroidManifest.xml:30:13-69
143
144        <receiver
144-->[com.google.firebase:firebase-messaging:23.1.2] AndroidManifest.xml:31:9-38:20
145            android:name="com.google.firebase.iid.FirebaseInstanceIdReceiver"
145-->[com.google.firebase:firebase-messaging:23.1.2] AndroidManifest.xml:32:13-78
146            android:exported="true"
146-->[com.google.firebase:firebase-messaging:23.1.2] AndroidManifest.xml:33:13-36
147            android:permission="com.google.android.c2dm.permission.SEND" >
147-->[com.google.firebase:firebase-messaging:23.1.2] AndroidManifest.xml:34:13-73
148            <intent-filter>
148-->[:react-native-firebase_messaging] AndroidManifest.xml:29:13-31:29
149                <action android:name="com.google.android.c2dm.intent.RECEIVE" />
149-->[:react-native-firebase_messaging] AndroidManifest.xml:30:17-81
149-->[:react-native-firebase_messaging] AndroidManifest.xml:30:25-78
150            </intent-filter>
151        </receiver>
152        <!--
153             FirebaseMessagingService performs security checks at runtime,
154             but set to not exported to explicitly avoid allowing another app to call it.
155        -->
156        <service
156-->[com.google.firebase:firebase-messaging:23.1.2] AndroidManifest.xml:44:9-51:19
157            android:name="com.google.firebase.messaging.FirebaseMessagingService"
157-->[com.google.firebase:firebase-messaging:23.1.2] AndroidManifest.xml:45:13-82
158            android:directBootAware="true"
158-->[com.google.firebase:firebase-messaging:23.1.2] AndroidManifest.xml:46:13-43
159            android:exported="false" >
159-->[com.google.firebase:firebase-messaging:23.1.2] AndroidManifest.xml:47:13-37
160            <intent-filter android:priority="-500" >
160-->[:react-native-firebase_messaging] AndroidManifest.xml:20:13-22:29
161                <action android:name="com.google.firebase.MESSAGING_EVENT" />
161-->[:react-native-firebase_messaging] AndroidManifest.xml:21:17-78
161-->[:react-native-firebase_messaging] AndroidManifest.xml:21:25-75
162            </intent-filter>
163        </service>
164        <service
164-->[com.google.android.datatransport:transport-backend-cct:3.1.8] AndroidManifest.xml:28:9-34:19
165            android:name="com.google.android.datatransport.runtime.backends.TransportBackendDiscovery"
165-->[com.google.android.datatransport:transport-backend-cct:3.1.8] AndroidManifest.xml:29:13-103
166            android:exported="false" >
166-->[com.google.android.datatransport:transport-backend-cct:3.1.8] AndroidManifest.xml:30:13-37
167            <meta-data
167-->[com.google.android.datatransport:transport-backend-cct:3.1.8] AndroidManifest.xml:31:13-33:39
168                android:name="backend:com.google.android.datatransport.cct.CctBackendFactory"
168-->[com.google.android.datatransport:transport-backend-cct:3.1.8] AndroidManifest.xml:32:17-94
169                android:value="cct" />
169-->[com.google.android.datatransport:transport-backend-cct:3.1.8] AndroidManifest.xml:33:17-36
170        </service>
171        <service
171-->[com.google.android.datatransport:transport-runtime:3.1.8] AndroidManifest.xml:26:9-30:19
172            android:name="com.google.android.datatransport.runtime.scheduling.jobscheduling.JobInfoSchedulerService"
172-->[com.google.android.datatransport:transport-runtime:3.1.8] AndroidManifest.xml:27:13-117
173            android:exported="false"
173-->[com.google.android.datatransport:transport-runtime:3.1.8] AndroidManifest.xml:28:13-37
174            android:permission="android.permission.BIND_JOB_SERVICE" >
174-->[com.google.android.datatransport:transport-runtime:3.1.8] AndroidManifest.xml:29:13-69
175        </service>
176
177        <receiver
177-->[com.google.android.datatransport:transport-runtime:3.1.8] AndroidManifest.xml:32:9-34:40
178            android:name="com.google.android.datatransport.runtime.scheduling.jobscheduling.AlarmManagerSchedulerBroadcastReceiver"
178-->[com.google.android.datatransport:transport-runtime:3.1.8] AndroidManifest.xml:33:13-132
179            android:exported="false" />
179-->[com.google.android.datatransport:transport-runtime:3.1.8] AndroidManifest.xml:34:13-37
180
181        <activity
181-->[com.google.firebase:firebase-auth:22.0.0] AndroidManifest.xml:29:9-46:20
182            android:name="com.google.firebase.auth.internal.GenericIdpActivity"
182-->[com.google.firebase:firebase-auth:22.0.0] AndroidManifest.xml:30:13-80
183            android:excludeFromRecents="true"
183-->[com.google.firebase:firebase-auth:22.0.0] AndroidManifest.xml:31:13-46
184            android:exported="true"
184-->[com.google.firebase:firebase-auth:22.0.0] AndroidManifest.xml:32:13-36
185            android:launchMode="singleTask"
185-->[com.google.firebase:firebase-auth:22.0.0] AndroidManifest.xml:33:13-44
186            android:theme="@android:style/Theme.Translucent.NoTitleBar" >
186-->[com.google.firebase:firebase-auth:22.0.0] AndroidManifest.xml:34:13-72
187            <intent-filter>
187-->[com.google.firebase:firebase-auth:22.0.0] AndroidManifest.xml:35:13-45:29
188                <action android:name="android.intent.action.VIEW" />
188-->[com.google.firebase:firebase-auth:22.0.0] AndroidManifest.xml:36:17-69
188-->[com.google.firebase:firebase-auth:22.0.0] AndroidManifest.xml:36:25-66
189
190                <category android:name="android.intent.category.DEFAULT" />
190-->[com.google.firebase:firebase-auth:22.0.0] AndroidManifest.xml:38:17-76
190-->[com.google.firebase:firebase-auth:22.0.0] AndroidManifest.xml:38:27-73
191                <category android:name="android.intent.category.BROWSABLE" />
191-->[com.google.firebase:firebase-auth:22.0.0] AndroidManifest.xml:39:17-78
191-->[com.google.firebase:firebase-auth:22.0.0] AndroidManifest.xml:39:27-75
192
193                <data
193-->[com.google.firebase:firebase-auth:22.0.0] AndroidManifest.xml:41:17-44:51
194                    android:host="firebase.auth"
194-->[com.google.firebase:firebase-auth:22.0.0] AndroidManifest.xml:42:21-49
195                    android:path="/"
195-->[com.google.firebase:firebase-auth:22.0.0] AndroidManifest.xml:43:21-37
196                    android:scheme="genericidp" />
196-->[com.google.firebase:firebase-auth:22.0.0] AndroidManifest.xml:44:21-48
197            </intent-filter>
198        </activity>
199        <activity
199-->[com.google.firebase:firebase-auth:22.0.0] AndroidManifest.xml:47:9-64:20
200            android:name="com.google.firebase.auth.internal.RecaptchaActivity"
200-->[com.google.firebase:firebase-auth:22.0.0] AndroidManifest.xml:48:13-79
201            android:excludeFromRecents="true"
201-->[com.google.firebase:firebase-auth:22.0.0] AndroidManifest.xml:49:13-46
202            android:exported="true"
202-->[com.google.firebase:firebase-auth:22.0.0] AndroidManifest.xml:50:13-36
203            android:launchMode="singleTask"
203-->[com.google.firebase:firebase-auth:22.0.0] AndroidManifest.xml:51:13-44
204            android:theme="@android:style/Theme.Translucent.NoTitleBar" >
204-->[com.google.firebase:firebase-auth:22.0.0] AndroidManifest.xml:52:13-72
205            <intent-filter>
205-->[com.google.firebase:firebase-auth:22.0.0] AndroidManifest.xml:53:13-63:29
206                <action android:name="android.intent.action.VIEW" />
206-->[com.google.firebase:firebase-auth:22.0.0] AndroidManifest.xml:36:17-69
206-->[com.google.firebase:firebase-auth:22.0.0] AndroidManifest.xml:36:25-66
207
208                <category android:name="android.intent.category.DEFAULT" />
208-->[com.google.firebase:firebase-auth:22.0.0] AndroidManifest.xml:38:17-76
208-->[com.google.firebase:firebase-auth:22.0.0] AndroidManifest.xml:38:27-73
209                <category android:name="android.intent.category.BROWSABLE" />
209-->[com.google.firebase:firebase-auth:22.0.0] AndroidManifest.xml:39:17-78
209-->[com.google.firebase:firebase-auth:22.0.0] AndroidManifest.xml:39:27-75
210
211                <data
211-->[com.google.firebase:firebase-auth:22.0.0] AndroidManifest.xml:41:17-44:51
212                    android:host="firebase.auth"
212-->[com.google.firebase:firebase-auth:22.0.0] AndroidManifest.xml:42:21-49
213                    android:path="/"
213-->[com.google.firebase:firebase-auth:22.0.0] AndroidManifest.xml:43:21-37
214                    android:scheme="recaptcha" />
214-->[com.google.firebase:firebase-auth:22.0.0] AndroidManifest.xml:44:21-48
215            </intent-filter>
216        </activity>
217
218        <provider
218-->[com.google.firebase:firebase-common:20.3.2] AndroidManifest.xml:25:9-30:39
219            android:name="com.google.firebase.provider.FirebaseInitProvider"
219-->[com.google.firebase:firebase-common:20.3.2] AndroidManifest.xml:26:13-77
220            android:authorities="com.mtechubgearone.firebaseinitprovider"
220-->[com.google.firebase:firebase-common:20.3.2] AndroidManifest.xml:27:13-72
221            android:directBootAware="true"
221-->[com.google.firebase:firebase-common:20.3.2] AndroidManifest.xml:28:13-43
222            android:exported="false"
222-->[com.google.firebase:firebase-common:20.3.2] AndroidManifest.xml:29:13-37
223            android:initOrder="100" />
223-->[com.google.firebase:firebase-common:20.3.2] AndroidManifest.xml:30:13-36
224
225        <activity
225-->[com.google.android.gms:play-services-auth:20.5.0] AndroidManifest.xml:23:9-27:75
226            android:name="com.google.android.gms.auth.api.signin.internal.SignInHubActivity"
226-->[com.google.android.gms:play-services-auth:20.5.0] AndroidManifest.xml:24:13-93
227            android:excludeFromRecents="true"
227-->[com.google.android.gms:play-services-auth:20.5.0] AndroidManifest.xml:25:13-46
228            android:exported="false"
228-->[com.google.android.gms:play-services-auth:20.5.0] AndroidManifest.xml:26:13-37
229            android:theme="@android:style/Theme.Translucent.NoTitleBar" />
229-->[com.google.android.gms:play-services-auth:20.5.0] AndroidManifest.xml:27:13-72
230        <!--
231            Service handling Google Sign-In user revocation. For apps that do not integrate with
232            Google Sign-In, this service will never be started.
233        -->
234        <service
234-->[com.google.android.gms:play-services-auth:20.5.0] AndroidManifest.xml:33:9-37:51
235            android:name="com.google.android.gms.auth.api.signin.RevocationBoundService"
235-->[com.google.android.gms:play-services-auth:20.5.0] AndroidManifest.xml:34:13-89
236            android:exported="true"
236-->[com.google.android.gms:play-services-auth:20.5.0] AndroidManifest.xml:35:13-36
237            android:permission="com.google.android.gms.auth.api.signin.permission.REVOCATION_NOTIFICATION"
237-->[com.google.android.gms:play-services-auth:20.5.0] AndroidManifest.xml:36:13-107
238            android:visibleToInstantApps="true" />
238-->[com.google.android.gms:play-services-auth:20.5.0] AndroidManifest.xml:37:13-48
239
240        <activity
240-->[com.google.android.gms:play-services-base:18.0.1] AndroidManifest.xml:20:9-22:45
241            android:name="com.google.android.gms.common.api.GoogleApiActivity"
241-->[com.google.android.gms:play-services-base:18.0.1] AndroidManifest.xml:20:19-85
242            android:exported="false"
242-->[com.google.android.gms:play-services-base:18.0.1] AndroidManifest.xml:22:19-43
243            android:theme="@android:style/Theme.Translucent.NoTitleBar" />
243-->[com.google.android.gms:play-services-base:18.0.1] AndroidManifest.xml:21:19-78
244
245        <receiver
245-->[com.google.android.gms:play-services-measurement:21.2.2] AndroidManifest.xml:29:9-33:20
246            android:name="com.google.android.gms.measurement.AppMeasurementReceiver"
246-->[com.google.android.gms:play-services-measurement:21.2.2] AndroidManifest.xml:30:13-85
247            android:enabled="true"
247-->[com.google.android.gms:play-services-measurement:21.2.2] AndroidManifest.xml:31:13-35
248            android:exported="false" >
248-->[com.google.android.gms:play-services-measurement:21.2.2] AndroidManifest.xml:32:13-37
249        </receiver>
250
251        <service
251-->[com.google.android.gms:play-services-measurement:21.2.2] AndroidManifest.xml:35:9-38:40
252            android:name="com.google.android.gms.measurement.AppMeasurementService"
252-->[com.google.android.gms:play-services-measurement:21.2.2] AndroidManifest.xml:36:13-84
253            android:enabled="true"
253-->[com.google.android.gms:play-services-measurement:21.2.2] AndroidManifest.xml:37:13-35
254            android:exported="false" />
254-->[com.google.android.gms:play-services-measurement:21.2.2] AndroidManifest.xml:38:13-37
255        <service
255-->[com.google.android.gms:play-services-measurement:21.2.2] AndroidManifest.xml:39:9-43:72
256            android:name="com.google.android.gms.measurement.AppMeasurementJobService"
256-->[com.google.android.gms:play-services-measurement:21.2.2] AndroidManifest.xml:40:13-87
257            android:enabled="true"
257-->[com.google.android.gms:play-services-measurement:21.2.2] AndroidManifest.xml:41:13-35
258            android:exported="false"
258-->[com.google.android.gms:play-services-measurement:21.2.2] AndroidManifest.xml:42:13-37
259            android:permission="android.permission.BIND_JOB_SERVICE" />
259-->[com.google.android.gms:play-services-measurement:21.2.2] AndroidManifest.xml:43:13-69
260
261        <meta-data
261-->[com.google.android.gms:play-services-basement:18.2.0] AndroidManifest.xml:21:9-23:69
262            android:name="com.google.android.gms.version"
262-->[com.google.android.gms:play-services-basement:18.2.0] AndroidManifest.xml:22:13-58
263            android:value="@integer/google_play_services_version" />
263-->[com.google.android.gms:play-services-basement:18.2.0] AndroidManifest.xml:23:13-66
264
265        <provider
265-->[androidx.emoji2:emoji2:1.0.0] AndroidManifest.xml:26:9-34:20
266            android:name="androidx.startup.InitializationProvider"
266-->[androidx.emoji2:emoji2:1.0.0] AndroidManifest.xml:27:13-67
267            android:authorities="com.mtechubgearone.androidx-startup"
267-->[androidx.emoji2:emoji2:1.0.0] AndroidManifest.xml:28:13-68
268            android:exported="false" >
268-->[androidx.emoji2:emoji2:1.0.0] AndroidManifest.xml:29:13-37
269            <meta-data
269-->[androidx.emoji2:emoji2:1.0.0] AndroidManifest.xml:31:13-33:52
270                android:name="androidx.emoji2.text.EmojiCompatInitializer"
270-->[androidx.emoji2:emoji2:1.0.0] AndroidManifest.xml:32:17-75
271                android:value="androidx.startup" />
271-->[androidx.emoji2:emoji2:1.0.0] AndroidManifest.xml:33:17-49
272            <meta-data
272-->[androidx.lifecycle:lifecycle-process:2.4.0] AndroidManifest.xml:31:13-33:52
273                android:name="androidx.lifecycle.ProcessLifecycleInitializer"
273-->[androidx.lifecycle:lifecycle-process:2.4.0] AndroidManifest.xml:32:17-78